#-----------------------------------------------------------
# xsim v2018.2 (64-bit)
# SW Build 2258646 on Thu Jun 14 20:02:38 MDT 2018
# IP Build 2256618 on Thu Jun 14 22:10:49 MDT 2018
# Start of session at: Tue Sep 18 11:04:21 2018
# Process ID: 5874
# Current directory: /home/fabian/Documents/ensta/deuxieme/sys_elec_embar/Zynq_Book/HLS/tut3A/matrix_mult_prj/solution1/sim/vhdl
# Command line: xsim -mode tcl -source {xsim.dir/matrix_mult/xsim_script.tcl}
# Log file: /home/fabian/Documents/ensta/deuxieme/sys_elec_embar/Zynq_Book/HLS/tut3A/matrix_mult_prj/solution1/sim/vhdl/xsim.log
# Journal file: /home/fabian/Documents/ensta/deuxieme/sys_elec_embar/Zynq_Book/HLS/tut3A/matrix_mult_prj/solution1/sim/vhdl/xsim.jou
#-----------------------------------------------------------
source xsim.dir/matrix_mult/xsim_script.tcl
# xsim {matrix_mult} -autoloadwcfg -tclbatch {matrix_mult.tcl}
Vivado Simulator 2018.2
Time resolution is 1 ps
source matrix_mult.tcl
## run all
Note: simulation done!
Time: 3572500 ps  Iteration: 1  Process: /apatb_matrix_mult_top/generate_sim_done_proc  File: /home/fabian/Documents/ensta/deuxieme/sys_elec_embar/Zynq_Book/HLS/tut3A/matrix_mult_prj/solution1/sim/vhdl/matrix_mult.autotb.vhd
Failure: NORMAL EXIT (note: failure is to force the simulator to stop)
Time: 3572500 ps  Iteration: 1  Process: /apatb_matrix_mult_top/generate_sim_done_proc  File: /home/fabian/Documents/ensta/deuxieme/sys_elec_embar/Zynq_Book/HLS/tut3A/matrix_mult_prj/solution1/sim/vhdl/matrix_mult.autotb.vhd
$finish called at time : 3572500 ps
## quit
INFO: [Common 17-206] Exiting xsim at Tue Sep 18 11:04:30 2018...
