#-----------------------------------------------------------
# Vivado v2018.2 (64-bit)
# SW Build 2258646 on Thu Jun 14 20:03:12 MDT 2018
# IP Build 2256618 on Thu Jun 14 22:10:49 MDT 2018
# Start of session at: Sun Oct 14 21:23:30 2018
# Process ID: 5208
# Current directory: C:/Users/Felipe/Desktop/matrix_mult_fpga/adventures_with_ip
# Command line: vivado.exe -gui_launcher_event rodinguilauncherevent13380 C:\Users\Felipe\Desktop\matrix_mult_fpga\adventures_with_ip\adventures_with_ip.xpr
# Log file: C:/Users/Felipe/Desktop/matrix_mult_fpga/adventures_with_ip/vivado.log
# Journal file: C:/Users/Felipe/Desktop/matrix_mult_fpga/adventures_with_ip\vivado.jou
#-----------------------------------------------------------
start_gui
open_project C:/Users/Felipe/Desktop/matrix_mult_fpga/adventures_with_ip/adventures_with_ip.xpr
INFO: [Project 1-313] Project file moved from '/home/fabian/Documents/ensta/deuxieme/sys_elec_embar/Zynq_Book/adventures_with_ip' since last save.
Scanning sources...
Finished scanning sources
INFO: [IP_Flow 19-234] Refreshing IP repositories
INFO: [IP_Flow 19-1700] Loaded user IP repository 'c:/Users/Felipe/Desktop/matrix_mult_fpga/ip_repo'.
INFO: [IP_Flow 19-2313] Loaded Vivado IP repository 'C:/Xilinx/Vivado/2018.2/data/ip'.
CRITICAL WARNING: [IP_Flow 19-1663] Duplicate IP found for 'xilinx.com:hls:matrix_mult:1.0'. The one found in IP location 'c:/Users/Felipe/Desktop/matrix_mult_fpga/ip_repo/xilinx_com_hls_matrix_mult_1_0_1' will take precedence over the same IP in location c:/Users/Felipe/Desktop/matrix_mult_fpga/ip_repo/xilinx_com_hls_matrix_mult_1_0
open_project: Time (s): cpu = 00:00:12 ; elapsed = 00:00:07 . Memory (MB): peak = 991.691 ; gain = 251.672
update_compile_order -fileset sources_1
exit
INFO: [Common 17-206] Exiting Vivado at Sun Oct 14 21:39:50 2018...
