22:56:59 INFO  : Registering command handlers for SDK TCF services
22:57:00 INFO  : Launching XSCT server: xsct -n -interactive /home/fabian/Documents/ensta/deuxieme/sys_elec_embar/Zynq_Book/mult_in_processor/mult_in_processor.sdk/temp_xsdb_launch_script.tcl
22:57:02 INFO  : XSCT server has started successfully.
22:57:02 INFO  : Successfully done setting XSCT server connection channel  
22:57:02 INFO  : Successfully done setting SDK workspace  
22:57:02 INFO  : Processing command line option -hwspec /home/fabian/Documents/ensta/deuxieme/sys_elec_embar/Zynq_Book/mult_in_processor/mult_in_processor.sdk/design_1_wrapper.hdf.
23:13:56 INFO  : Connected to target on host '127.0.0.1' and port '3121'.
23:13:56 INFO  : 'targets -set -filter {jtag_cable_name =~ "Digilent Zed 210248773728" && level==0} -index 1' command is executed.
23:13:59 INFO  : FPGA configured successfully with bitstream "/home/fabian/Documents/ensta/deuxieme/sys_elec_embar/Zynq_Book/mult_in_processor/mult_in_processor.sdk/design_1_wrapper_hw_platform_0/design_1_wrapper.bit"
23:14:34 INFO  : 'targets -set -filter {jtag_cable_name =~ "Digilent Zed 210248773728" && level==0} -index 1' command is executed.
23:14:34 INFO  : 'fpga -state' command is executed.
23:14:34 INFO  : Connected to target on host '127.0.0.1' and port '3121'.
23:14:34 INFO  : Jtag cable 'Digilent Zed 210248773728' is selected.
23:14:34 INFO  : 'jtag frequency' command is executed.
23:14:34 INFO  : Sourcing of '/home/fabian/Documents/ensta/deuxieme/sys_elec_embar/Zynq_Book/mult_in_processor/mult_in_processor.sdk/design_1_wrapper_hw_platform_0/ps7_init.tcl' is done.
23:14:34 INFO  : Context for 'APU' is selected.
23:14:34 INFO  : Hardware design information is loaded from '/home/fabian/Documents/ensta/deuxieme/sys_elec_embar/Zynq_Book/mult_in_processor/mult_in_processor.sdk/design_1_wrapper_hw_platform_0/system.hdf'.
23:14:34 INFO  : 'configparams force-mem-access 1' command is executed.
23:14:34 INFO  : Context for 'APU' is selected.
23:14:34 INFO  : 'stop' command is executed.
23:14:35 INFO  : 'ps7_init' command is executed.
23:14:35 INFO  : 'ps7_post_config' command is executed.
23:14:35 INFO  : Context for processor 'ps7_cortexa9_0' is selected.
23:14:35 INFO  : Processor reset is completed for 'ps7_cortexa9_0'.
23:14:35 INFO  : Context for processor 'ps7_cortexa9_0' is selected.
23:14:35 INFO  : The application '/home/fabian/Documents/ensta/deuxieme/sys_elec_embar/Zynq_Book/mult_in_processor/mult_in_processor.sdk/matrix_mult_processor/Debug/matrix_mult_processor.elf' is downloaded to processor 'ps7_cortexa9_0'.
23:14:35 INFO  : 'configparams force-mem-access 0' command is executed.
23:14:35 INFO  : ----------------XSDB Script----------------
connect -url tcp:127.0.0.1:3121
source /home/fabian/Documents/ensta/deuxieme/sys_elec_embar/Zynq_Book/mult_in_processor/mult_in_processor.sdk/design_1_wrapper_hw_platform_0/ps7_init.tcl
targets -set -nocase -filter {name =~"APU*" && jtag_cable_name =~ "Digilent Zed 210248773728"} -index 0
loadhw -hw /home/fabian/Documents/ensta/deuxieme/sys_elec_embar/Zynq_Book/mult_in_processor/mult_in_processor.sdk/design_1_wrapper_hw_platform_0/system.hdf -mem-ranges [list {0x40000000 0xbfffffff}]
configparams force-mem-access 1
targets -set -nocase -filter {name =~"APU*" && jtag_cable_name =~ "Digilent Zed 210248773728"} -index 0
stop
ps7_init
ps7_post_config
targets -set -nocase -filter {name =~ "ARM*#0" && jtag_cable_name =~ "Digilent Zed 210248773728"} -index 0
rst -processor
targets -set -nocase -filter {name =~ "ARM*#0" && jtag_cable_name =~ "Digilent Zed 210248773728"} -index 0
dow /home/fabian/Documents/ensta/deuxieme/sys_elec_embar/Zynq_Book/mult_in_processor/mult_in_processor.sdk/matrix_mult_processor/Debug/matrix_mult_processor.elf
configparams force-mem-access 0
----------------End of Script----------------

