

================================================================
== Vivado HLS Report for 'matrix_mult'
================================================================
* Date:           Tue Sep 18 11:26:21 2018

* Version:        2018.2 (Build 2258646 on Thu Jun 14 20:25:20 MDT 2018)
* Project:        matrix_mult_prj
* Solution:       solution3
* Product family: zynq
* Target device:  xc7z020clg484-1


================================================================
== Performance Estimates
================================================================
+ Timing (ns): 
    * Summary: 
    +--------+-------+----------+------------+
    |  Clock | Target| Estimated| Uncertainty|
    +--------+-------+----------+------------+
    |ap_clk  |   5.00|     4.170|        0.62|
    +--------+-------+----------+------------+

+ Latency (clock cycles): 
    * Summary: 
    +-----+-----+-----+-----+---------+
    |  Latency  |  Interval | Pipeline|
    | min | max | min | max |   Type  |
    +-----+-----+-----+-----+---------+
    |   83|   83|   83|   83|   none  |
    +-----+-----+-----+-----+---------+

    + Detail: 
        * Instance: 
        N/A

        * Loop: 
        +-----------+-----+-----+----------+-----------+-----------+------+----------+
        |           |  Latency  | Iteration|  Initiation Interval  | Trip |          |
        | Loop Name | min | max |  Latency |  achieved |   target  | Count| Pipelined|
        +-----------+-----+-----+----------+-----------+-----------+------+----------+
        |- Row_Col  |   81|   81|        10|          3|          1|    25|    yes   |
        +-----------+-----+-----+----------+-----------+-----------+------+----------+



================================================================
== Utilization Estimates
================================================================
* Summary: 
+-----------------+---------+-------+--------+-------+
|       Name      | BRAM_18K| DSP48E|   FF   |  LUT  |
+-----------------+---------+-------+--------+-------+
|DSP              |        -|      3|       -|      -|
|Expression       |        -|      0|       0|    330|
|FIFO             |        -|      -|       -|      -|
|Instance         |        -|      -|       -|      -|
|Memory           |        -|      -|       -|      -|
|Multiplexer      |        -|      -|       -|    204|
|Register         |        0|      -|     256|     32|
+-----------------+---------+-------+--------+-------+
|Total            |        0|      3|     256|    566|
+-----------------+---------+-------+--------+-------+
|Available        |      280|    220|  106400|  53200|
+-----------------+---------+-------+--------+-------+
|Utilization (%)  |        0|      1|   ~0   |      1|
+-----------------+---------+-------+--------+-------+

+ Detail: 
    * Instance: 
    N/A

    * DSP48: 
    +-------------------------+----------------------+--------------+
    |         Instance        |        Module        |  Expression  |
    +-------------------------+----------------------+--------------+
    |matrix_mult_mac_mbkb_U1  |matrix_mult_mac_mbkb  | i0 + i1 * i2 |
    |matrix_mult_mac_mbkb_U2  |matrix_mult_mac_mbkb  | i0 + i1 * i2 |
    |matrix_mult_mac_mcud_U3  |matrix_mult_mac_mcud  | i0 * i1 + i2 |
    +-------------------------+----------------------+--------------+

    * Memory: 
    N/A

    * FIFO: 
    N/A

    * Expression: 
    +-------------------------------+----------+-------+---+----+------------+------------+
    |         Variable Name         | Operation| DSP48E| FF| LUT| Bitwidth P0| Bitwidth P1|
    +-------------------------------+----------+-------+---+----+------------+------------+
    |tmp_7_4_fu_421_p2              |     *    |      0|  0|  41|           8|           8|
    |tmp_7_fu_434_p2                |     *    |      0|  0|  41|           8|           8|
    |i_1_fu_239_p2                  |     +    |      0|  0|  12|           3|           1|
    |indvar_flatten_next_fu_233_p2  |     +    |      0|  0|  15|           5|           1|
    |j_1_fu_355_p2                  |     +    |      0|  0|  12|           3|           1|
    |tmp_10_fu_344_p2               |     +    |      0|  0|  13|           4|           3|
    |tmp_11_fu_383_p2               |     +    |      0|  0|  15|           5|           4|
    |tmp_12_fu_295_p2               |     +    |      0|  0|  15|           5|           4|
    |tmp_13_fu_306_p2               |     +    |      0|  0|  15|           5|           5|
    |tmp_14_fu_393_p2               |     +    |      0|  0|  15|           6|           6|
    |tmp_1_fu_281_p2                |     +    |      0|  0|  15|           6|           6|
    |tmp_4_fu_360_p2                |     +    |      0|  0|  15|           6|           1|
    |tmp_8_4_fu_448_p2              |     +    |      0|  0|  23|          16|          16|
    |tmp_8_fu_370_p2                |     +    |      0|  0|  15|           6|           2|
    |tmp_9_fu_317_p2                |     +    |      0|  0|  15|           6|           2|
    |tmp_s_fu_327_p2                |     +    |      0|  0|  15|           6|           3|
    |ap_condition_154               |    and   |      0|  0|   2|           1|           1|
    |ap_condition_170               |    and   |      0|  0|   2|           1|           1|
    |ap_condition_72                |    and   |      0|  0|   2|           1|           1|
    |ap_condition_92                |    and   |      0|  0|   2|           1|           1|
    |exitcond_flatten_fu_227_p2     |   icmp   |      0|  0|  11|           5|           4|
    |exitcond_fu_245_p2             |   icmp   |      0|  0|   9|           3|           3|
    |j_mid2_fu_251_p3               |  select  |      0|  0|   3|           1|           1|
    |tmp_mid2_v_fu_259_p3           |  select  |      0|  0|   3|           1|           3|
    |ap_enable_pp0                  |    xor   |      0|  0|   2|           1|           2|
    |ap_enable_reg_pp0_iter1        |    xor   |      0|  0|   2|           2|           1|
    +-------------------------------+----------+-------+---+----+------------+------------+
    |Total                          |          |      0|  0| 330|         115|          89|
    +-------------------------------+----------+-------+---+----+------------+------------+

    * Multiplexer: 
    +-----------------------------------------+----+-----------+-----+-----------+
    |                   Name                  | LUT| Input Size| Bits| Total Bits|
    +-----------------------------------------+----+-----------+-----+-----------+
    |a_address0                               |  21|          4|    5|         20|
    |a_address1                               |  15|          3|    5|         15|
    |ap_NS_fsm                                |  33|          6|    1|          6|
    |ap_enable_reg_pp0_iter1                  |   9|          2|    1|          2|
    |ap_enable_reg_pp0_iter3                  |   9|          2|    1|          2|
    |ap_phi_mux_i_phi_fu_194_p4               |   9|          2|    3|          6|
    |ap_phi_mux_indvar_flatten_phi_fu_183_p4  |   9|          2|    5|         10|
    |ap_phi_mux_j_phi_fu_205_p4               |   9|          2|    3|          6|
    |b_address0                               |  21|          4|    5|         20|
    |b_address1                               |  15|          3|    5|         15|
    |i_reg_190                                |   9|          2|    3|          6|
    |indvar_flatten_reg_179                   |   9|          2|    5|         10|
    |j_reg_201                                |   9|          2|    3|          6|
    |reg_212                                  |   9|          2|    8|         16|
    |reg_217                                  |   9|          2|    8|         16|
    |reg_222                                  |   9|          2|    8|         16|
    +-----------------------------------------+----+-----------+-----+-----------+
    |Total                                    | 204|         42|   69|        172|
    +-----------------------------------------+----+-----------+-----+-----------+

    * Register: 
    +------------------------------+----+----+-----+-----------+
    |             Name             | FF | LUT| Bits| Const Bits|
    +------------------------------+----+----+-----+-----------+
    |a_load_reg_551                |   8|   0|    8|          0|
    |ap_CS_fsm                     |   5|   0|    5|          0|
    |ap_enable_reg_pp0_iter0       |   1|   0|    1|          0|
    |ap_enable_reg_pp0_iter1       |   1|   0|    1|          0|
    |ap_enable_reg_pp0_iter2       |   1|   0|    1|          0|
    |ap_enable_reg_pp0_iter3       |   1|   0|    1|          0|
    |b_load_1_reg_581              |   8|   0|    8|          0|
    |exitcond_flatten_reg_477      |   1|   0|    1|          0|
    |i_reg_190                     |   3|   0|    3|          0|
    |indvar_flatten_next_reg_481   |   5|   0|    5|          0|
    |indvar_flatten_reg_179        |   5|   0|    5|          0|
    |j_1_reg_556                   |   3|   0|    3|          0|
    |j_mid2_reg_486                |   3|   0|    3|          0|
    |j_reg_201                     |   3|   0|    3|          0|
    |reg_212                       |   8|   0|    8|          0|
    |reg_217                       |   8|   0|    8|          0|
    |reg_222                       |   8|   0|    8|          0|
    |tmp1_reg_631                  |  16|   0|   16|          0|
    |tmp2_reg_636                  |  16|   0|   16|          0|
    |tmp3_reg_626                  |  16|   0|   16|          0|
    |tmp_14_reg_576                |   6|   0|    6|          0|
    |tmp_14_reg_576_pp0_iter2_reg  |   6|   0|    6|          0|
    |tmp_1_reg_502                 |   6|   0|    6|          0|
    |tmp_2_cast3_reg_516           |   3|   0|    5|          2|
    |tmp_7_4_reg_606               |  16|   0|   16|          0|
    |tmp_7_reg_611                 |  16|   0|   16|          0|
    |tmp_8_4_reg_641               |  16|   0|   16|          0|
    |tmp_mid2_v_reg_495            |   3|   0|    3|          0|
    |exitcond_flatten_reg_477      |  64|  32|    1|          0|
    +------------------------------+----+----+-----+-----------+
    |Total                         | 256|  32|  195|          2|
    +------------------------------+----+----+-----+-----------+



================================================================
== Interface
================================================================
* Summary: 
+---------------+-----+-----+------------+--------------+--------------+
|   RTL Ports   | Dir | Bits|  Protocol  | Source Object|    C Type    |
+---------------+-----+-----+------------+--------------+--------------+
|ap_clk         |  in |    1| ap_ctrl_hs |  matrix_mult | return value |
|ap_rst         |  in |    1| ap_ctrl_hs |  matrix_mult | return value |
|ap_start       |  in |    1| ap_ctrl_hs |  matrix_mult | return value |
|ap_done        | out |    1| ap_ctrl_hs |  matrix_mult | return value |
|ap_idle        | out |    1| ap_ctrl_hs |  matrix_mult | return value |
|ap_ready       | out |    1| ap_ctrl_hs |  matrix_mult | return value |
|a_address0     | out |    5|  ap_memory |       a      |     array    |
|a_ce0          | out |    1|  ap_memory |       a      |     array    |
|a_q0           |  in |    8|  ap_memory |       a      |     array    |
|a_address1     | out |    5|  ap_memory |       a      |     array    |
|a_ce1          | out |    1|  ap_memory |       a      |     array    |
|a_q1           |  in |    8|  ap_memory |       a      |     array    |
|b_address0     | out |    5|  ap_memory |       b      |     array    |
|b_ce0          | out |    1|  ap_memory |       b      |     array    |
|b_q0           |  in |    8|  ap_memory |       b      |     array    |
|b_address1     | out |    5|  ap_memory |       b      |     array    |
|b_ce1          | out |    1|  ap_memory |       b      |     array    |
|b_q1           |  in |    8|  ap_memory |       b      |     array    |
|prod_address0  | out |    5|  ap_memory |     prod     |     array    |
|prod_ce0       | out |    1|  ap_memory |     prod     |     array    |
|prod_we0       | out |    1|  ap_memory |     prod     |     array    |
|prod_d0        | out |   16|  ap_memory |     prod     |     array    |
+---------------+-----+-----+------------+--------------+--------------+

